<?xml version="1.0" encoding="UTF-8"?>
<robot rpa="false" generated="20210621 22:52:04.299" schemaversion="2" generator="Robot 4.0.1 (Python 2.7.17 on linux2)">
<suite source="/home/julo_pool0096/tiket/TestSuite/suite.robot" id="s1" name="Suite">
<test id="s1-t1" name="open Browser">
<kw name="open tiket.com">
<kw name="Open Browser" library="SeleniumLibrary">
<arg>${url}</arg>
<arg>Chrome</arg>
<doc>Opens a new browser instance to the optional ``url``.</doc>
<msg timestamp="20210621 22:52:04.473" level="INFO">Opening browser 'Chrome' to base url 'https://tiket.com'.</msg>
<status status="PASS" endtime="20210621 22:52:10.459" starttime="20210621 22:52:04.472"/>
</kw>
<kw name="Maximize Browser Window" library="SeleniumLibrary">
<doc>Maximizes current browser window.</doc>
<status status="PASS" endtime="20210621 22:52:10.587" starttime="20210621 22:52:10.460"/>
</kw>
<status status="PASS" endtime="20210621 22:52:10.587" starttime="20210621 22:52:04.471"/>
</kw>
<status status="PASS" endtime="20210621 22:52:10.588" starttime="20210621 22:52:04.469"/>
</test>
<test id="s1-t2" name="click Hotel">
<kw name="user click ikonhotel" library="testHotel">
<kw name="click ikonhotel" library="homepage">
<kw name="Click Element" library="SeleniumLibrary">
<arg>${ikonhotel}</arg>
<doc>Click the element identified by ``locator``.</doc>
<msg timestamp="20210621 22:52:10.595" level="INFO">Clicking element 'xpath://span[contains(text(),'Hotel')]'.</msg>
<status status="PASS" endtime="20210621 22:52:12.983" starttime="20210621 22:52:10.594"/>
</kw>
<status status="PASS" endtime="20210621 22:52:12.984" starttime="20210621 22:52:10.592"/>
</kw>
<status status="PASS" endtime="20210621 22:52:12.984" starttime="20210621 22:52:10.591"/>
</kw>
<status status="PASS" endtime="20210621 22:52:12.987" starttime="20210621 22:52:10.589"/>
</test>
<test id="s1-t3" name="click Destination">
<kw name="user click destination" library="testHotel">
<kw name="click destination" library="homepage">
<kw name="Wait Until Element Is Visible" library="SeleniumLibrary">
<arg>${tujuan}</arg>
<doc>Waits until the element ``locator`` is visible.</doc>
<status status="PASS" endtime="20210621 22:52:13.225" starttime="20210621 22:52:13.014"/>
</kw>
<kw name="Click Element" library="SeleniumLibrary">
<arg>${tujuan}</arg>
<doc>Click the element identified by ``locator``.</doc>
<msg timestamp="20210621 22:52:13.226" level="INFO">Clicking element 'id:destination-input'.</msg>
<status status="PASS" endtime="20210621 22:52:14.032" starttime="20210621 22:52:13.226"/>
</kw>
<kw name="Click Element" library="SeleniumLibrary">
<arg>${bali}</arg>
<doc>Click the element identified by ``locator``.</doc>
<msg timestamp="20210621 22:52:14.033" level="INFO">Clicking element 'xpath://*[contains(text(),'Bali')]'.</msg>
<kw name="Capture Page Screenshot" library="SeleniumLibrary">
<doc>Takes a screenshot of the current page and embeds it into a log file.</doc>
<msg timestamp="20210621 22:52:16.534" html="true" level="INFO">&lt;/td&gt;&lt;/tr&gt;&lt;tr&gt;&lt;td colspan="3"&gt;&lt;a href="selenium-screenshot-8.png"&gt;&lt;img src="selenium-screenshot-8.png" width="800px"&gt;&lt;/a&gt;</msg>
<status status="PASS" endtime="20210621 22:52:16.534" starttime="20210621 22:52:16.273"/>
</kw>
<msg timestamp="20210621 22:52:16.537" level="FAIL">ElementClickInterceptedException: Message: element click intercepted: Element &lt;label class="tp-card-title"&gt;...&lt;/label&gt; is not clickable at point (248, 605). Other element would receive the click: &lt;a href="/hotel/search?checkin=2021-06-21&amp;amp;checkout=2021-06-22&amp;amp;room=1&amp;amp;adult=1&amp;amp;type=REGION&amp;amp;id=bali-108001534490276212&amp;amp;q=Bali" class="bg-top-pick blue"&gt;...&lt;/a&gt;
  (Session info: chrome=85.0.4183.121)
</msg>
<status status="FAIL" endtime="20210621 22:52:16.537" starttime="20210621 22:52:14.032"/>
</kw>
<status status="FAIL" endtime="20210621 22:52:16.537" starttime="20210621 22:52:13.011"/>
</kw>
<status status="FAIL" endtime="20210621 22:52:16.537" starttime="20210621 22:52:13.009"/>
</kw>
<status status="FAIL" endtime="20210621 22:52:16.538" starttime="20210621 22:52:13.001">ElementClickInterceptedException: Message: element click intercepted: Element &lt;label class="tp-card-title"&gt;...&lt;/label&gt; is not clickable at point (248, 605). Other element would receive the click: &lt;a href="/hotel/search?checkin=2021-06-21&amp;amp;checkout=2021-06-22&amp;amp;room=1&amp;amp;adult=1&amp;amp;type=REGION&amp;amp;id=bali-108001534490276212&amp;amp;q=Bali" class="bg-top-pick blue"&gt;...&lt;/a&gt;
  (Session info: chrome=85.0.4183.121)
</status>
</test>
<test id="s1-t4" name="click DateCheckin">
<kw name="user click dateCheckin" library="testHotel">
<kw name="click dateCheckin" library="homepage">
<kw name="Click Element" library="SeleniumLibrary">
<arg>${checkin}</arg>
<doc>Click the element identified by ``locator``.</doc>
<msg timestamp="20210621 22:52:16.543" level="INFO">Clicking element 'id:date-input-startdate'.</msg>
<status status="PASS" endtime="20210621 22:52:16.837" starttime="20210621 22:52:16.542"/>
</kw>
<kw name="Click Element" library="SeleniumLibrary">
<arg>${dateci}</arg>
<doc>Click the element identified by ``locator``.</doc>
<msg timestamp="20210621 22:52:16.838" level="INFO">Clicking element 'xpath://div[@id='checkinDate']//div[@role='dialog']//div[@class='content']//div[@class='popup-content']//div[@class='date-range-popup-container']//div[contains(@class,'range-picker start')]//div//div[@aria-label='Mon Jul 19 2021']//div[contains(@class,'day-mod-body')][normalize-space()='19']'.</msg>
<status status="PASS" endtime="20210621 22:52:17.230" starttime="20210621 22:52:16.838"/>
</kw>
<kw name="Click Element" library="SeleniumLibrary">
<arg>${date}</arg>
<doc>Click the element identified by ``locator``.</doc>
<msg timestamp="20210621 22:52:17.233" level="FAIL">Variable '${date}' not found. Did you mean:
    ${dateci}</msg>
<status status="FAIL" endtime="20210621 22:52:17.233" starttime="20210621 22:52:17.230"/>
</kw>
<status status="FAIL" endtime="20210621 22:52:17.234" starttime="20210621 22:52:16.542"/>
</kw>
<status status="FAIL" endtime="20210621 22:52:17.234" starttime="20210621 22:52:16.541"/>
</kw>
<status status="FAIL" endtime="20210621 22:52:17.235" starttime="20210621 22:52:16.539">Variable '${date}' not found. Did you mean:
    ${dateci}</status>
</test>
<status status="FAIL" endtime="20210621 22:52:17.242" starttime="20210621 22:52:04.301"/>
</suite>
<statistics>
<total>
<stat fail="2" skip="0" pass="2">All Tests</stat>
</total>
<tag>
</tag>
<suite>
<stat fail="2" skip="0" id="s1" name="Suite" pass="2">Suite</stat>
</suite>
</statistics>
<errors>
</errors>
</robot>
